2014-10-28 02:08:05.444 [Worker-2] DEBUG AgentProvider - setInitializationData. isBeta false; location jrebel/
2014-10-28 02:08:05.607 [Worker-2] DEBUG AgentProvider - setInitializationData. isBeta true; location jr6/jrebel/
2014-10-28 02:08:06.234 [Worker-2] DEBUG HttpNotifications - Starting JRebel Notification server on port 0
2014-10-28 02:08:07.328 [Worker-2] DEBUG HttpNotifications - Listening to JRebel notifications at http://127.0.0.1:38676/jrebel/notifications
2014-10-28 02:08:07.390 [Worker-2] DEBUG EclipseJRebelClientAdapter - Getting license via CLI
2014-10-28 02:08:07.477 [Worker-2] DEBUG o.z.exec.ProcessExecutor - Executing [/usr/lib/jvm/java-8-oracle/jre/bin/java, -Drebel.log=false, -Drebel.log.stdout=false, -Drebel.env.ide=Eclipse, -Drebel.properties=/home/abhishek/.jrebel/jrebel.properties, -Drebel.license_server.legacy=false, -cp, /opt/eclipse/../../home/abhishek/.eclipse/org.eclipse.platform_4.4.0_1473617060_linux_gtk_x86_64/plugins/org.zeroturnaround.eclipse.embedder_5.6.2.RELEASE-201408260808/jrebel/jrebel.jar, com.zeroturnaround.javarebel.CLILicensingAPIImpl, getCurrentLicense, , ]...
2014-10-28 02:08:07.484 [Worker-2] DEBUG o.z.exec.ProcessExecutor - Started java.lang.UNIXProcess@3f165c63
2014-10-28 02:08:09.316 [Worker-2] DEBUG o.z.exec.WaitForProcess - java.lang.UNIXProcess@3f165c63 stopped with exit code 2
2014-10-28 02:08:09.858 [Worker-2] ERROR EclipseJRebelClientAdapter - Got Exception: null
org.zeroturnaround.javarebel.Licensing$ExpiredLicenseException: null
	at com.zeroturnaround.javarebel.SDKLicensingImpl.getCurrentLicense(JRebel:67) ~[na:na]
	at com.zeroturnaround.javarebel.CLILicensingAPIImpl.a(JRebel:87) ~[na:na]
	at com.zeroturnaround.javarebel.CLILicensingAPIImpl.main(JRebel:42) ~[na:na]
2014-10-28 02:08:09.868 [Worker-2] DEBUG EclipseJRebelClientAdapter - Getting license via CLI
2014-10-28 02:08:09.872 [Thread-22] DEBUG o.z.exec.ProcessExecutor - Executing [/usr/lib/jvm/java-8-oracle/jre/bin/java, -Drebel.log=false, -Drebel.log.stdout=false, -Drebel.env.ide=Eclipse, -Drebel.properties=/home/abhishek/.jrebel/jrebel.properties, -Drebel.license_server.legacy=false, -cp, /opt/eclipse/../../home/abhishek/.eclipse/org.eclipse.platform_4.4.0_1473617060_linux_gtk_x86_64/plugins/org.zeroturnaround.eclipse.embedder_5.6.2.RELEASE-201408260808/jrebel/jrebel.jar, com.zeroturnaround.javarebel.CLILicensingAPIImpl, getCurrentLicense, , ]...
2014-10-28 02:08:09.887 [Thread-22] DEBUG o.z.exec.ProcessExecutor - Started java.lang.UNIXProcess@4a99bed
2014-10-28 02:08:10.779 [Thread-22] DEBUG o.z.exec.WaitForProcess - java.lang.UNIXProcess@4a99bed stopped with exit code 2
2014-10-28 02:08:10.787 [Thread-22] ERROR EclipseJRebelClientAdapter - Got Exception: null
org.zeroturnaround.javarebel.Licensing$ExpiredLicenseException: null
	at com.zeroturnaround.javarebel.SDKLicensingImpl.getCurrentLicense(JRebel:67) ~[na:na]
	at com.zeroturnaround.javarebel.CLILicensingAPIImpl.a(JRebel:87) ~[na:na]
	at com.zeroturnaround.javarebel.CLILicensingAPIImpl.main(JRebel:42) ~[na:na]
